#
# There is insufficient memory for the Java Runtime Environment to continue.
# Native memory allocation (malloc) failed to allocate 988496 bytes for Chunk::new
# Possible reasons:
#   The system is out of physical RAM or swap space
#   The process is running with CompressedOops enabled, and the Java Heap may be blocking the growth of the native heap
# Possible solutions:
#   Reduce memory load on the system
#   Increase physical memory or swap space
#   Check if swap backing store is full
#   Decrease Java heap size (-Xmx/-Xms)
#   Decrease number of Java threads
#   Decrease Java thread stack sizes (-Xss)
#   Set larger code cache with -XX:ReservedCodeCacheSize=
#   JVM is running with Unscaled Compressed Oops mode in which the Java heap is
#     placed in the first 4GB address space. The Java Heap base address is the
#     maximum limit for the native heap growth. Please use -XX:HeapBaseMinAddress
#     to set the Java Heap base and to place the Java Heap above 4GB virtual address.
# This output file may be truncated or incomplete.
#
#  Out of Memory Error (./src/hotspot/share/memory/arena.cpp:197), pid=10032, tid=21460
#
# JRE version: OpenJDK Runtime Environment (11.0.13) (build 11.0.13+0-b1751.21-8125866)
# Java VM: OpenJDK 64-Bit Server VM (11.0.13+0-b1751.21-8125866, mixed mode, tiered, compressed oops, g1 gc, windows-amd64)
# No core dump will be written. Minidumps are not enabled by default on client versions of Windows
#

---------------  S U M M A R Y ------------

Command Line: --add-opens=java.base/java.util=ALL-UNNAMED --add-opens=java.base/java.lang=ALL-UNNAMED --add-opens=java.base/java.lang.invoke=ALL-UNNAMED --add-opens=java.base/java.util=ALL-UNNAMED --add-opens=java.prefs/java.util.prefs=ALL-UNNAMED --add-opens=java.prefs/java.util.prefs=ALL-UNNAMED --add-opens=java.base/java.nio.charset=ALL-UNNAMED --add-opens=java.base/java.net=ALL-UNNAMED --add-opens=java.base/java.util.concurrent.atomic=ALL-UNNAMED -Xmx2048m -Dfile.encoding=UTF-8 -Duser.country=DE -Duser.language=de -Duser.variant org.gradle.launcher.daemon.bootstrap.GradleDaemon 7.4

Host: AMD Ryzen 5 3500U with Radeon Vega Mobile Gfx  , 8 cores, 6G,  Windows 11 , 64 bit Build 22621 (10.0.22621.1635)
Time: Wed May 17 15:12:58 2023 Mitteleuropäische Sommerzeit elapsed time: 30.718528 seconds (0d 0h 0m 30s)

---------------  T H R E A D  ---------------

Current thread (0x0000023dd5987800):  JavaThread "C2 CompilerThread0" daemon [_thread_in_native, id=21460, stack(0x00000041deb00000,0x00000041dec00000)]


Current CompileTask:
C2:  30718 10434       4       com.google.common.collect.ImmutableSortedMap$Builder::build (87 bytes)

Stack: [0x00000041deb00000,0x00000041dec00000]
Native frames: (J=compiled Java code, j=interpreted, Vv=VM code, C=native code)
V  [jvm.dll+0x6100fa]
V  [jvm.dll+0x747090]
V  [jvm.dll+0x7486ad]
V  [jvm.dll+0x748d83]
V  [jvm.dll+0x24ab48]
V  [jvm.dll+0xc04dc]
V  [jvm.dll+0xc0a0c]
V  [jvm.dll+0x35eb5b]
V  [jvm.dll+0x32b833]
V  [jvm.dll+0x32ad2a]
V  [jvm.dll+0x2032b2]
V  [jvm.dll+0x202437]
V  [jvm.dll+0x188e01]
V  [jvm.dll+0x21106b]
V  [jvm.dll+0x20f8c1]
V  [jvm.dll+0x70de0f]
V  [jvm.dll+0x706a75]
V  [jvm.dll+0x60ed66]
C  [ucrtbase.dll+0x29363]
C  [KERNEL32.DLL+0x126ad]
C  [ntdll.dll+0x5a9f8]


---------------  P R O C E S S  ---------------

Threads class SMR info:
_java_thread_list=0x0000023ddc5a0ed0, length=132, elements={
0x0000023dbab26000, 0x0000023dd4fc3800, 0x0000023dd4fce800, 0x0000023dd5982800,
0x0000023dd5983800, 0x0000023dd5984800, 0x0000023dd5987800, 0x0000023dd5991000,
0x0000023dd4fe7000, 0x0000023dd5aeb000, 0x0000023dd797b800, 0x0000023dd79d9800,
0x0000023dd6a46800, 0x0000023dd642a800, 0x0000023dd6751000, 0x0000023dd7456000,
0x0000023dd7a1e800, 0x0000023dd7a28800, 0x0000023dd7a27000, 0x0000023dd6ea6800,
0x0000023dd6639800, 0x0000023dd6639000, 0x0000023dd663f800, 0x0000023dd663a800,
0x0000023dd663e000, 0x0000023dd663e800, 0x0000023dd663b800, 0x0000023dd663c000,
0x0000023dd663d000, 0x0000023dd984f800, 0x0000023dd984e800, 0x0000023dd984d000,
0x0000023dd984b800, 0x0000023dd9851000, 0x0000023dd984c000, 0x0000023dd9857000,
0x0000023dd9856000, 0x0000023dd9857800, 0x0000023dd9858800, 0x0000023dd9853800,
0x0000023dd9852800, 0x0000023dd9859000, 0x0000023dd985a000, 0x0000023dd9854800,
0x0000023dd9855000, 0x0000023dd99a4000, 0x0000023dd999e800, 0x0000023dd99a1800,
0x0000023dd99a0000, 0x0000023dd99a5000, 0x0000023dd999f000, 0x0000023dd99a5800,
0x0000023dd99a2800, 0x0000023dd99a0800, 0x0000023dd99a6800, 0x0000023dd99a8000,
0x0000023dd99a7800, 0x0000023dd99a9000, 0x0000023dd99a3000, 0x0000023dd99aa800,
0x0000023dd99ab800, 0x0000023dd99a9800, 0x0000023dd99ac000, 0x0000023dd99ad000,
0x0000023ddbc98000, 0x0000023ddbc99000, 0x0000023ddbc94800, 0x0000023ddbc94000,
0x0000023ddbc95800, 0x0000023ddbc93000, 0x0000023ddbc9a800, 0x0000023ddbc9b800,
0x0000023ddbc9c000, 0x0000023ddbc96800, 0x0000023ddbc99800, 0x0000023ddbc9d000,
0x0000023ddbc97000, 0x0000023ddbc9f800, 0x0000023ddbc9d800, 0x0000023ddbc9e800,
0x0000023ddbca0000, 0x0000023ddbca1000, 0x0000023ddbca2000, 0x0000023dda1b7000,
0x0000023dda1b8000, 0x0000023dda1b9000, 0x0000023dda1ba800, 0x0000023dda1b9800,
0x0000023dda1bb800, 0x0000023dda1b6800, 0x0000023dda1c2000, 0x0000023dda1bd000,
0x0000023dda1c1000, 0x0000023dda1be000, 0x0000023dda1be800, 0x0000023dda1bf800,
0x0000023dda1bc000, 0x0000023dda1c2800, 0x0000023dda1c3800, 0x0000023dda1c4800,
0x0000023dda1c5000, 0x0000023dda1c0000, 0x0000023dda741000, 0x0000023dda73e800,
0x0000023dda73d000, 0x0000023dda73c800, 0x0000023dda73f800, 0x0000023dda73e000,
0x0000023dda744800, 0x0000023dda745000, 0x0000023dda743000, 0x0000023dda742000,
0x0000023dda746000, 0x0000023dda740800, 0x0000023dda743800, 0x0000023dda747000,
0x0000023dda749800, 0x0000023dda74b000, 0x0000023dda74a000, 0x0000023dda747800,
0x0000023dda748800, 0x0000023dd85c6800, 0x0000023dd85cc000, 0x0000023dd85c8000,
0x0000023dd85cb000, 0x0000023dd85c9800, 0x0000023dd85c8800, 0x0000023dd85ca800,
0x0000023dd85c7000, 0x0000023dd85cf800, 0x0000023dd85d0000, 0x0000023dd85ce800
}

Java Threads: ( => current thread )
  0x0000023dbab26000 JavaThread "main" [_thread_blocked, id=20708, stack(0x00000041ddf00000,0x00000041de000000)]
  0x0000023dd4fc3800 JavaThread "Reference Handler" daemon [_thread_blocked, id=15128, stack(0x00000041de600000,0x00000041de700000)]
  0x0000023dd4fce800 JavaThread "Finalizer" daemon [_thread_blocked, id=2008, stack(0x00000041de700000,0x00000041de800000)]
  0x0000023dd5982800 JavaThread "Signal Dispatcher" daemon [_thread_blocked, id=16956, stack(0x00000041de800000,0x00000041de900000)]
  0x0000023dd5983800 JavaThread "Attach Listener" daemon [_thread_blocked, id=12508, stack(0x00000041de900000,0x00000041dea00000)]
  0x0000023dd5984800 JavaThread "Service Thread" daemon [_thread_blocked, id=11700, stack(0x00000041dea00000,0x00000041deb00000)]
=>0x0000023dd5987800 JavaThread "C2 CompilerThread0" daemon [_thread_in_native, id=21460, stack(0x00000041deb00000,0x00000041dec00000)]
  0x0000023dd5991000 JavaThread "C1 CompilerThread0" daemon [_thread_blocked, id=14468, stack(0x00000041dec00000,0x00000041ded00000)]
  0x0000023dd4fe7000 JavaThread "Sweeper thread" daemon [_thread_blocked, id=2240, stack(0x00000041ded00000,0x00000041dee00000)]
  0x0000023dd5aeb000 JavaThread "Common-Cleaner" daemon [_thread_blocked, id=5148, stack(0x00000041dee00000,0x00000041def00000)]
  0x0000023dd797b800 JavaThread "Daemon health stats" [_thread_blocked, id=12588, stack(0x00000041df100000,0x00000041df200000)]
  0x0000023dd79d9800 JavaThread "Incoming local TCP Connector on port 61439" [_thread_in_native, id=19064, stack(0x00000041df200000,0x00000041df300000)]
  0x0000023dd6a46800 JavaThread "Daemon periodic checks" [_thread_blocked, id=3928, stack(0x00000041df300000,0x00000041df400000)]
  0x0000023dd642a800 JavaThread "Daemon" [_thread_blocked, id=4204, stack(0x00000041df400000,0x00000041df500000)]
  0x0000023dd6751000 JavaThread "Handler for socket connection from /127.0.0.1:61439 to /127.0.0.1:61443" [_thread_in_native, id=7640, stack(0x00000041df500000,0x00000041df600000)]
  0x0000023dd7456000 JavaThread "Cancel handler" [_thread_blocked, id=20684, stack(0x00000041df600000,0x00000041df700000)]
  0x0000023dd7a1e800 JavaThread "Daemon worker" [_thread_blocked, id=16432, stack(0x00000041df700000,0x00000041df800000)]
  0x0000023dd7a28800 JavaThread "Asynchronous log dispatcher for DefaultDaemonConnection: socket connection from /127.0.0.1:61439 to /127.0.0.1:61443" [_thread_blocked, id=11780, stack(0x00000041df800000,0x00000041df900000)]
  0x0000023dd7a27000 JavaThread "Stdin handler" [_thread_blocked, id=19484, stack(0x00000041df900000,0x00000041dfa00000)]
  0x0000023dd6ea6800 JavaThread "Daemon client event forwarder" [_thread_blocked, id=20296, stack(0x00000041e0000000,0x00000041e0100000)]
  0x0000023dd6639800 JavaThread "Cache worker for journal cache (C:\Users\ibu23\.gradle\caches\journal-1)" [_thread_blocked, id=15708, stack(0x00000041e0100000,0x00000041e0200000)]
  0x0000023dd6639000 JavaThread "File lock request listener" [_thread_in_native, id=16944, stack(0x00000041e0200000,0x00000041e0300000)]
  0x0000023dd663f800 JavaThread "Cache worker for file hash cache (C:\Users\ibu23\.gradle\caches\7.4\fileHashes)" [_thread_blocked, id=19612, stack(0x00000041e0300000,0x00000041e0400000)]
  0x0000023dd663a800 JavaThread "File watcher server" daemon [_thread_in_native, id=6092, stack(0x00000041e0500000,0x00000041e0600000)]
  0x0000023dd663e000 JavaThread "File watcher consumer" daemon [_thread_blocked, id=5656, stack(0x00000041e0600000,0x00000041e0700000)]
  0x0000023dd663e800 JavaThread "Cache worker for checksums cache (C:\android\AndroidStudioProjects\ABeautifulMind\.gradle\7.4\checksums)" [_thread_blocked, id=18400, stack(0x00000041e0700000,0x00000041e0800000)]
  0x0000023dd663b800 JavaThread "Cache worker for cache directory md-rule (C:\Users\ibu23\.gradle\caches\7.4\md-rule)" [_thread_blocked, id=21092, stack(0x00000041e0800000,0x00000041e0900000)]
  0x0000023dd663c000 JavaThread "Cache worker for file hash cache (C:\android\AndroidStudioProjects\ABeautifulMind\.gradle\7.4\fileHashes)" [_thread_blocked, id=10496, stack(0x00000041e0900000,0x00000041e0a00000)]
  0x0000023dd663d000 JavaThread "Cache worker for cache directory md-supplier (C:\Users\ibu23\.gradle\caches\7.4\md-supplier)" [_thread_blocked, id=20696, stack(0x00000041e0a00000,0x00000041e0b00000)]
  0x0000023dd984f800 JavaThread "Cache worker for execution history cache (C:\Users\ibu23\.gradle\caches\7.4\executionHistory)" [_thread_in_Java, id=18516, stack(0x00000041e0b00000,0x00000041e0c00000)]
  0x0000023dd984e800 JavaThread "jar transforms" [_thread_blocked, id=13208, stack(0x00000041e0c00000,0x00000041e0d00000)]
  0x0000023dd984d000 JavaThread "Cache worker for file content cache (C:\Users\ibu23\.gradle\caches\7.4\fileContent)" [_thread_blocked, id=1824, stack(0x00000041e0d00000,0x00000041e0e00000)]
  0x0000023dd984b800 JavaThread "jar transforms Thread 2" [_thread_blocked, id=2316, stack(0x00000041e0e00000,0x00000041e0f00000)]
  0x0000023dd9851000 JavaThread "Cache worker for dependencies-accessors (C:\android\AndroidStudioProjects\ABeautifulMind\.gradle\7.4\dependencies-accessors)" [_thread_blocked, id=16636, stack(0x00000041e0f00000,0x00000041e1000000)]
  0x0000023dd984c000 JavaThread "jar transforms Thread 3" [_thread_blocked, id=12360, stack(0x00000041e1000000,0x00000041e1100000)]
  0x0000023dd9857000 JavaThread "Cache worker for Build Output Cleanup Cache (C:\android\AndroidStudioProjects\ABeautifulMind\.gradle\buildOutputCleanup)" [_thread_blocked, id=17744, stack(0x00000041e1100000,0x00000041e1200000)]
  0x0000023dd9856000 JavaThread "Unconstrained build operations" [_thread_blocked, id=15960, stack(0x00000041e1200000,0x00000041e1300000)]
  0x0000023dd9857800 JavaThread "Unconstrained build operations Thread 2" [_thread_blocked, id=14696, stack(0x00000041e1300000,0x00000041e1400000)]
  0x0000023dd9858800 JavaThread "Unconstrained build operations Thread 3" [_thread_blocked, id=12140, stack(0x00000041e1400000,0x00000041e1500000)]
  0x0000023dd9853800 JavaThread "Unconstrained build operations Thread 4" [_thread_blocked, id=19528, stack(0x00000041e1500000,0x00000041e1600000)]
  0x0000023dd9852800 JavaThread "Unconstrained build operations Thread 5" [_thread_blocked, id=19620, stack(0x00000041e1600000,0x00000041e1700000)]
  0x0000023dd9859000 JavaThread "Unconstrained build operations Thread 6" [_thread_blocked, id=664, stack(0x00000041e1700000,0x00000041e1800000)]
  0x0000023dd985a000 JavaThread "Unconstrained build operations Thread 7" [_thread_blocked, id=2904, stack(0x00000041e1800000,0x00000041e1900000)]
  0x0000023dd9854800 JavaThread "Unconstrained build operations Thread 8" [_thread_blocked, id=20216, stack(0x00000041e1900000,0x00000041e1a00000)]
  0x0000023dd9855000 JavaThread "Unconstrained build operations Thread 9" [_thread_in_native, id=15972, stack(0x00000041e1a00000,0x00000041e1b00000)]
  0x0000023dd99a4000 JavaThread "Unconstrained build operations Thread 10" [_thread_blocked, id=20168, stack(0x00000041e1b00000,0x00000041e1c00000)]
  0x0000023dd999e800 JavaThread "Unconstrained build operations Thread 11" [_thread_blocked, id=14912, stack(0x00000041e1c00000,0x00000041e1d00000)]
  0x0000023dd99a1800 JavaThread "Unconstrained build operations Thread 12" [_thread_blocked, id=4212, stack(0x00000041e1d00000,0x00000041e1e00000)]
  0x0000023dd99a0000 JavaThread "Unconstrained build operations Thread 13" [_thread_blocked, id=17800, stack(0x00000041e1e00000,0x00000041e1f00000)]
  0x0000023dd99a5000 JavaThread "Unconstrained build operations Thread 14" [_thread_blocked, id=18532, stack(0x00000041e1f00000,0x00000041e2000000)]
  0x0000023dd999f000 JavaThread "Unconstrained build operations Thread 15" [_thread_blocked, id=3408, stack(0x00000041e2000000,0x00000041e2100000)]
  0x0000023dd99a5800 JavaThread "Unconstrained build operations Thread 16" [_thread_blocked, id=18932, stack(0x00000041e2100000,0x00000041e2200000)]
  0x0000023dd99a2800 JavaThread "Unconstrained build operations Thread 17" [_thread_blocked, id=20776, stack(0x00000041e2200000,0x00000041e2300000)]
  0x0000023dd99a0800 JavaThread "Unconstrained build operations Thread 18" [_thread_blocked, id=13540, stack(0x00000041e2300000,0x00000041e2400000)]
  0x0000023dd99a6800 JavaThread "Unconstrained build operations Thread 19" [_thread_blocked, id=14752, stack(0x00000041e2400000,0x00000041e2500000)]
  0x0000023dd99a8000 JavaThread "Unconstrained build operations Thread 20" [_thread_blocked, id=1184, stack(0x00000041e2500000,0x00000041e2600000)]
  0x0000023dd99a7800 JavaThread "Unconstrained build operations Thread 21" [_thread_blocked, id=20740, stack(0x00000041e2600000,0x00000041e2700000)]
  0x0000023dd99a9000 JavaThread "Unconstrained build operations Thread 22" [_thread_blocked, id=7896, stack(0x00000041e2700000,0x00000041e2800000)]
  0x0000023dd99a3000 JavaThread "Unconstrained build operations Thread 23" [_thread_blocked, id=2520, stack(0x00000041e2800000,0x00000041e2900000)]
  0x0000023dd99aa800 JavaThread "Unconstrained build operations Thread 24" [_thread_blocked, id=21064, stack(0x00000041e2900000,0x00000041e2a00000)]
  0x0000023dd99ab800 JavaThread "Unconstrained build operations Thread 25" [_thread_blocked, id=12188, stack(0x00000041e2a00000,0x00000041e2b00000)]
  0x0000023dd99a9800 JavaThread "Unconstrained build operations Thread 26" [_thread_blocked, id=14108, stack(0x00000041e2b00000,0x00000041e2c00000)]
  0x0000023dd99ac000 JavaThread "Unconstrained build operations Thread 27" [_thread_blocked, id=18560, stack(0x00000041e2c00000,0x00000041e2d00000)]
  0x0000023dd99ad000 JavaThread "Unconstrained build operations Thread 28" [_thread_blocked, id=21408, stack(0x00000041e2d00000,0x00000041e2e00000)]
  0x0000023ddbc98000 JavaThread "Unconstrained build operations Thread 29" [_thread_blocked, id=13676, stack(0x00000041e2e00000,0x00000041e2f00000)]
  0x0000023ddbc99000 JavaThread "Unconstrained build operations Thread 30" [_thread_blocked, id=1504, stack(0x00000041e2f00000,0x00000041e3000000)]
  0x0000023ddbc94800 JavaThread "Unconstrained build operations Thread 31" [_thread_blocked, id=6636, stack(0x00000041e3000000,0x00000041e3100000)]
  0x0000023ddbc94000 JavaThread "Unconstrained build operations Thread 32" [_thread_blocked, id=16276, stack(0x00000041e3100000,0x00000041e3200000)]
  0x0000023ddbc95800 JavaThread "Unconstrained build operations Thread 33" [_thread_in_native, id=2984, stack(0x00000041e3200000,0x00000041e3300000)]
  0x0000023ddbc93000 JavaThread "Unconstrained build operations Thread 34" [_thread_blocked, id=18168, stack(0x00000041e3300000,0x00000041e3400000)]
  0x0000023ddbc9a800 JavaThread "Unconstrained build operations Thread 35" [_thread_blocked, id=21316, stack(0x00000041e3400000,0x00000041e3500000)]
  0x0000023ddbc9b800 JavaThread "Unconstrained build operations Thread 36" [_thread_blocked, id=2884, stack(0x00000041e3500000,0x00000041e3600000)]
  0x0000023ddbc9c000 JavaThread "Unconstrained build operations Thread 37" [_thread_blocked, id=20252, stack(0x00000041e3600000,0x00000041e3700000)]
  0x0000023ddbc96800 JavaThread "Unconstrained build operations Thread 38" [_thread_blocked, id=18844, stack(0x00000041e3700000,0x00000041e3800000)]
  0x0000023ddbc99800 JavaThread "Unconstrained build operations Thread 39" [_thread_blocked, id=1964, stack(0x00000041e3800000,0x00000041e3900000)]
  0x0000023ddbc9d000 JavaThread "Unconstrained build operations Thread 40" [_thread_in_native, id=18068, stack(0x00000041e3900000,0x00000041e3a00000)]
  0x0000023ddbc97000 JavaThread "Unconstrained build operations Thread 41" [_thread_blocked, id=14836, stack(0x00000041e3a00000,0x00000041e3b00000)]
  0x0000023ddbc9f800 JavaThread "Unconstrained build operations Thread 42" [_thread_blocked, id=21028, stack(0x00000041e3b00000,0x00000041e3c00000)]
  0x0000023ddbc9d800 JavaThread "Unconstrained build operations Thread 43" [_thread_blocked, id=19168, stack(0x00000041e3c00000,0x00000041e3d00000)]
  0x0000023ddbc9e800 JavaThread "Unconstrained build operations Thread 44" [_thread_blocked, id=13224, stack(0x00000041e3d00000,0x00000041e3e00000)]
  0x0000023ddbca0000 JavaThread "Unconstrained build operations Thread 45" [_thread_in_native, id=12808, stack(0x00000041e3e00000,0x00000041e3f00000)]
  0x0000023ddbca1000 JavaThread "Unconstrained build operations Thread 46" [_thread_blocked, id=14984, stack(0x00000041e3f00000,0x00000041e4000000)]
  0x0000023ddbca2000 JavaThread "Unconstrained build operations Thread 47" [_thread_blocked, id=17864, stack(0x00000041e4000000,0x00000041e4100000)]
  0x0000023dda1b7000 JavaThread "Unconstrained build operations Thread 48" [_thread_blocked, id=19796, stack(0x00000041e4100000,0x00000041e4200000)]
  0x0000023dda1b8000 JavaThread "Unconstrained build operations Thread 49" [_thread_in_native, id=19452, stack(0x00000041e4200000,0x00000041e4300000)]
  0x0000023dda1b9000 JavaThread "Unconstrained build operations Thread 50" [_thread_blocked, id=14068, stack(0x00000041e4300000,0x00000041e4400000)]
  0x0000023dda1ba800 JavaThread "Unconstrained build operations Thread 51" [_thread_blocked, id=20960, stack(0x00000041e4400000,0x00000041e4500000)]
  0x0000023dda1b9800 JavaThread "Unconstrained build operations Thread 52" [_thread_blocked, id=4636, stack(0x00000041e4500000,0x00000041e4600000)]
  0x0000023dda1bb800 JavaThread "Unconstrained build operations Thread 53" [_thread_in_native, id=15944, stack(0x00000041e4600000,0x00000041e4700000)]
  0x0000023dda1b6800 JavaThread "Unconstrained build operations Thread 54" [_thread_blocked, id=19256, stack(0x00000041e4700000,0x00000041e4800000)]
  0x0000023dda1c2000 JavaThread "Unconstrained build operations Thread 55" [_thread_blocked, id=15280, stack(0x00000041e4800000,0x00000041e4900000)]
  0x0000023dda1bd000 JavaThread "Unconstrained build operations Thread 56" [_thread_blocked, id=19028, stack(0x00000041e4900000,0x00000041e4a00000)]
  0x0000023dda1c1000 JavaThread "Unconstrained build operations Thread 57" [_thread_blocked, id=10188, stack(0x00000041e4a00000,0x00000041e4b00000)]
  0x0000023dda1be000 JavaThread "Unconstrained build operations Thread 58" [_thread_blocked, id=15520, stack(0x00000041e4b00000,0x00000041e4c00000)]
  0x0000023dda1be800 JavaThread "Unconstrained build operations Thread 59" [_thread_blocked, id=17880, stack(0x00000041e4c00000,0x00000041e4d00000)]
  0x0000023dda1bf800 JavaThread "Unconstrained build operations Thread 60" [_thread_blocked, id=11684, stack(0x00000041e4d00000,0x00000041e4e00000)]
  0x0000023dda1bc000 JavaThread "Unconstrained build operations Thread 61" [_thread_blocked, id=9100, stack(0x00000041e4e00000,0x00000041e4f00000)]
  0x0000023dda1c2800 JavaThread "Unconstrained build operations Thread 62" [_thread_blocked, id=5316, stack(0x00000041e4f00000,0x00000041e5000000)]
  0x0000023dda1c3800 JavaThread "Unconstrained build operations Thread 63" [_thread_in_Java, id=2972, stack(0x00000041e5000000,0x00000041e5100000)]
  0x0000023dda1c4800 JavaThread "Unconstrained build operations Thread 64" [_thread_blocked, id=11740, stack(0x00000041e5100000,0x00000041e5200000)]
  0x0000023dda1c5000 JavaThread "Unconstrained build operations Thread 65" [_thread_blocked, id=7768, stack(0x00000041e5200000,0x00000041e5300000)]
  0x0000023dda1c0000 JavaThread "Unconstrained build operations Thread 66" [_thread_blocked, id=19052, stack(0x00000041e5300000,0x00000041e5400000)]
  0x0000023dda741000 JavaThread "Unconstrained build operations Thread 67" [_thread_blocked, id=21220, stack(0x00000041e5400000,0x00000041e5500000)]
  0x0000023dda73e800 JavaThread "Unconstrained build operations Thread 68" [_thread_blocked, id=12476, stack(0x00000041e5500000,0x00000041e5600000)]
  0x0000023dda73d000 JavaThread "Unconstrained build operations Thread 69" [_thread_blocked, id=12176, stack(0x00000041e5600000,0x00000041e5700000)]
  0x0000023dda73c800 JavaThread "Unconstrained build operations Thread 70" [_thread_blocked, id=14124, stack(0x00000041e5700000,0x00000041e5800000)]
  0x0000023dda73f800 JavaThread "Unconstrained build operations Thread 71" [_thread_blocked, id=16084, stack(0x00000041e5800000,0x00000041e5900000)]
  0x0000023dda73e000 JavaThread "Unconstrained build operations Thread 72" [_thread_blocked, id=20404, stack(0x00000041e5900000,0x00000041e5a00000)]
  0x0000023dda744800 JavaThread "Unconstrained build operations Thread 73" [_thread_in_native, id=17868, stack(0x00000041e5a00000,0x00000041e5b00000)]
  0x0000023dda745000 JavaThread "Unconstrained build operations Thread 74" [_thread_blocked, id=19640, stack(0x00000041e5b00000,0x00000041e5c00000)]
  0x0000023dda743000 JavaThread "Unconstrained build operations Thread 75" [_thread_blocked, id=18584, stack(0x00000041e5c00000,0x00000041e5d00000)]
  0x0000023dda742000 JavaThread "Unconstrained build operations Thread 76" [_thread_blocked, id=12784, stack(0x00000041e5d00000,0x00000041e5e00000)]
  0x0000023dda746000 JavaThread "Unconstrained build operations Thread 77" [_thread_blocked, id=3300, stack(0x00000041e5e00000,0x00000041e5f00000)]
  0x0000023dda740800 JavaThread "Unconstrained build operations Thread 78" [_thread_blocked, id=14056, stack(0x00000041e5f00000,0x00000041e6000000)]
  0x0000023dda743800 JavaThread "Unconstrained build operations Thread 79" [_thread_blocked, id=6500, stack(0x00000041e6000000,0x00000041e6100000)]
  0x0000023dda747000 JavaThread "Unconstrained build operations Thread 80" [_thread_blocked, id=16892, stack(0x00000041e6100000,0x00000041e6200000)]
  0x0000023dda749800 JavaThread "jar transforms Thread 4" [_thread_blocked, id=15176, stack(0x00000041e6200000,0x00000041e6300000)]
  0x0000023dda74b000 JavaThread "jar transforms Thread 5" [_thread_blocked, id=1912, stack(0x00000041e6300000,0x00000041e6400000)]
  0x0000023dda74a000 JavaThread "jar transforms Thread 6" [_thread_blocked, id=19508, stack(0x00000041e6400000,0x00000041e6500000)]
  0x0000023dda747800 JavaThread "jar transforms Thread 7" [_thread_blocked, id=14240, stack(0x00000041e6500000,0x00000041e6600000)]
  0x0000023dda748800 JavaThread "jar transforms Thread 8" [_thread_blocked, id=18612, stack(0x00000041e6600000,0x00000041e6700000)]
  0x0000023dd85c6800 JavaThread "Memory manager" [_thread_blocked, id=10688, stack(0x00000041e6700000,0x00000041e6800000)]
  0x0000023dd85cc000 JavaThread "build event listener" [_thread_blocked, id=19236, stack(0x00000041e6900000,0x00000041e6a00000)]
  0x0000023dd85c8000 JavaThread "included builds" [_thread_blocked, id=13876, stack(0x00000041e6a00000,0x00000041e6b00000)]
  0x0000023dd85cb000 JavaThread "Execution worker for ':'" [_thread_blocked, id=1884, stack(0x00000041e6b00000,0x00000041e6c00000)]
  0x0000023dd85c9800 JavaThread "Execution worker for ':' Thread 2" [_thread_blocked, id=8700, stack(0x00000041e6c00000,0x00000041e6d00000)]
  0x0000023dd85c8800 JavaThread "Execution worker for ':' Thread 3" [_thread_blocked, id=10556, stack(0x00000041e6d00000,0x00000041e6e00000)]
  0x0000023dd85ca800 JavaThread "Execution worker for ':' Thread 4" [_thread_blocked, id=3088, stack(0x00000041e6e00000,0x00000041e6f00000)]
  0x0000023dd85c7000 JavaThread "Execution worker for ':' Thread 5" [_thread_blocked, id=16732, stack(0x00000041e6f00000,0x00000041e7000000)]
  0x0000023dd85cf800 JavaThread "Execution worker for ':' Thread 6" [_thread_blocked, id=20836, stack(0x00000041e7000000,0x00000041e7100000)]
  0x0000023dd85d0000 JavaThread "Execution worker for ':' Thread 7" [_thread_blocked, id=2732, stack(0x00000041e7100000,0x00000041e7200000)]
  0x0000023dd85ce800 JavaThread "Cache worker for execution history cache (C:\android\AndroidStudioProjects\ABeautifulMind\.gradle\7.4\executionHistory)" [_thread_blocked, id=9404, stack(0x00000041e7200000,0x00000041e7300000)]

Other Threads:
  0x0000023dd4fc0800 VMThread "VM Thread" [stack: 0x00000041de500000,0x00000041de600000] [id=9668]
  0x0000023dd5b14800 WatcherThread [stack: 0x00000041def00000,0x00000041df000000] [id=21296]
  0x0000023dbab40800 GCTaskThread "GC Thread#0" [stack: 0x00000041de000000,0x00000041de100000] [id=15096]
  0x0000023dd6547800 GCTaskThread "GC Thread#1" [stack: 0x00000041df000000,0x00000041df100000] [id=14084]
  0x0000023dd7e1f800 GCTaskThread "GC Thread#2" [stack: 0x00000041dfa00000,0x00000041dfb00000] [id=18528]
  0x0000023dd79a6000 GCTaskThread "GC Thread#3" [stack: 0x00000041dfb00000,0x00000041dfc00000] [id=21464]
  0x0000023dd6b2f800 GCTaskThread "GC Thread#4" [stack: 0x00000041dfc00000,0x00000041dfd00000] [id=19912]
  0x0000023dd68d7800 GCTaskThread "GC Thread#5" [stack: 0x00000041dfd00000,0x00000041dfe00000] [id=19700]
  0x0000023dd7c63800 GCTaskThread "GC Thread#6" [stack: 0x00000041dfe00000,0x00000041dff00000] [id=11860]
  0x0000023dd79ab000 GCTaskThread "GC Thread#7" [stack: 0x00000041dff00000,0x00000041e0000000] [id=21304]
  0x0000023dbab73800 ConcurrentGCThread "G1 Main Marker" [stack: 0x00000041de100000,0x00000041de200000] [id=13928]
  0x0000023dbab74800 ConcurrentGCThread "G1 Conc#0" [stack: 0x00000041de200000,0x00000041de300000] [id=3236]
  0x0000023dd5fe8800 ConcurrentGCThread "G1 Conc#1" [stack: 0x00000041e0400000,0x00000041e0500000] [id=21112]
  0x0000023dbabee000 ConcurrentGCThread "G1 Refine#0" [stack: 0x00000041de300000,0x00000041de400000] [id=8444]
  0x0000023dd4e18800 ConcurrentGCThread "G1 Young RemSet Sampling" [stack: 0x00000041de400000,0x00000041de500000] [id=3808]

Threads with active compile tasks:
C2 CompilerThread0  30760 10434       4       com.google.common.collect.ImmutableSortedMap$Builder::build (87 bytes)

VM state:not at safepoint (normal execution)

VM Mutex/Monitor currently owned by a thread: None

Heap address: 0x0000000080000000, size: 2048 MB, Compressed Oops mode: 32-bit
Narrow klass base: 0x0000000000000000, Narrow klass shift: 3
Compressed class space size: 1073741824 Address: 0x0000000100000000

Heap:
 garbage-first heap   total 165888K, used 101555K [0x0000000080000000, 0x0000000100000000)
  region size 1024K, 26 young (26624K), 7 survivors (7168K)
 Metaspace       used 86719K, capacity 88763K, committed 88956K, reserved 1126400K
  class space    used 11195K, capacity 11965K, committed 11980K, reserved 1048576K
Heap Regions: E=young(eden), S=young(survivor), O=old, HS=humongous(starts), HC=humongous(continues), CS=collection set, F=free, A=archive, TAMS=top-at-mark-start (previous, next)
|   0|0x0000000080000000, 0x0000000080100000, 0x0000000080100000|100%| O|  |TAMS 0x0000000080100000, 0x0000000080000000| Untracked 
|   1|0x0000000080100000, 0x0000000080200000, 0x0000000080200000|100%| O|  |TAMS 0x0000000080200000, 0x0000000080100000| Untracked 
|   2|0x0000000080200000, 0x0000000080300000, 0x0000000080300000|100%| O|  |TAMS 0x0000000080300000, 0x0000000080200000| Untracked 
|   3|0x0000000080300000, 0x0000000080400000, 0x0000000080400000|100%|HS|  |TAMS 0x0000000080400000, 0x0000000080300000| Complete 
|   4|0x0000000080400000, 0x0000000080500000, 0x0000000080500000|100%|HC|  |TAMS 0x0000000080500000, 0x0000000080400000| Complete 
|   5|0x0000000080500000, 0x0000000080600000, 0x0000000080600000|100%|HC|  |TAMS 0x0000000080600000, 0x0000000080500000| Complete 
|   6|0x0000000080600000, 0x0000000080700000, 0x0000000080700000|100%| O|  |TAMS 0x0000000080700000, 0x0000000080600000| Untracked 
|   7|0x0000000080700000, 0x0000000080800000, 0x0000000080800000|100%| O|  |TAMS 0x0000000080800000, 0x0000000080700000| Untracked 
|   8|0x0000000080800000, 0x0000000080900000, 0x0000000080900000|100%| O|  |TAMS 0x0000000080900000, 0x0000000080800000| Untracked 
|   9|0x0000000080900000, 0x0000000080a00000, 0x0000000080a00000|100%| O|  |TAMS 0x0000000080a00000, 0x0000000080900000| Untracked 
|  10|0x0000000080a00000, 0x0000000080b00000, 0x0000000080b00000|100%| O|  |TAMS 0x0000000080b00000, 0x0000000080a00000| Untracked 
|  11|0x0000000080b00000, 0x0000000080c00000, 0x0000000080c00000|100%| O|  |TAMS 0x0000000080c00000, 0x0000000080b00000| Untracked 
|  12|0x0000000080c00000, 0x0000000080d00000, 0x0000000080d00000|100%| O|  |TAMS 0x0000000080d00000, 0x0000000080c00000| Untracked 
|  13|0x0000000080d00000, 0x0000000080e00000, 0x0000000080e00000|100%| O|  |TAMS 0x0000000080e00000, 0x0000000080d00000| Untracked 
|  14|0x0000000080e00000, 0x0000000080f00000, 0x0000000080f00000|100%| O|  |TAMS 0x0000000080f00000, 0x0000000080e00000| Untracked 
|  15|0x0000000080f00000, 0x0000000081000000, 0x0000000081000000|100%| O|  |TAMS 0x0000000081000000, 0x0000000080f00000| Untracked 
|  16|0x0000000081000000, 0x0000000081100000, 0x0000000081100000|100%| O|  |TAMS 0x0000000081100000, 0x0000000081000000| Untracked 
|  17|0x0000000081100000, 0x0000000081200000, 0x0000000081200000|100%| O|  |TAMS 0x0000000081200000, 0x0000000081100000| Untracked 
|  18|0x0000000081200000, 0x0000000081300000, 0x0000000081300000|100%| O|  |TAMS 0x0000000081300000, 0x0000000081200000| Untracked 
|  19|0x0000000081300000, 0x0000000081400000, 0x0000000081400000|100%| O|  |TAMS 0x0000000081400000, 0x0000000081300000| Untracked 
|  20|0x0000000081400000, 0x0000000081500000, 0x0000000081500000|100%| O|  |TAMS 0x0000000081500000, 0x0000000081400000| Untracked 
|  21|0x0000000081500000, 0x0000000081600000, 0x0000000081600000|100%| O|  |TAMS 0x0000000081600000, 0x0000000081500000| Untracked 
|  22|0x0000000081600000, 0x0000000081700000, 0x0000000081700000|100%| O|  |TAMS 0x0000000081700000, 0x0000000081600000| Untracked 
|  23|0x0000000081700000, 0x0000000081800000, 0x0000000081800000|100%| O|  |TAMS 0x0000000081800000, 0x0000000081700000| Untracked 
|  24|0x0000000081800000, 0x0000000081900000, 0x0000000081900000|100%| O|  |TAMS 0x0000000081900000, 0x0000000081800000| Untracked 
|  25|0x0000000081900000, 0x0000000081a00000, 0x0000000081a00000|100%| O|  |TAMS 0x0000000081a00000, 0x0000000081900000| Untracked 
|  26|0x0000000081a00000, 0x0000000081b00000, 0x0000000081b00000|100%| O|  |TAMS 0x0000000081b00000, 0x0000000081a00000| Untracked 
|  27|0x0000000081b00000, 0x0000000081c00000, 0x0000000081c00000|100%|HS|  |TAMS 0x0000000081c00000, 0x0000000081b00000| Complete 
|  28|0x0000000081c00000, 0x0000000081d00000, 0x0000000081d00000|100%|HS|  |TAMS 0x0000000081d00000, 0x0000000081c00000| Complete 
|  29|0x0000000081d00000, 0x0000000081e00000, 0x0000000081e00000|100%|HS|  |TAMS 0x0000000081e00000, 0x0000000081d00000| Complete 
|  30|0x0000000081e00000, 0x0000000081f00000, 0x0000000081f00000|100%|HS|  |TAMS 0x0000000081f00000, 0x0000000081e00000| Complete 
|  31|0x0000000081f00000, 0x0000000082000000, 0x0000000082000000|100%|HC|  |TAMS 0x0000000082000000, 0x0000000081f00000| Complete 
|  32|0x0000000082000000, 0x0000000082100000, 0x0000000082100000|100%|HC|  |TAMS 0x0000000082100000, 0x0000000082000000| Complete 
|  33|0x0000000082100000, 0x0000000082200000, 0x0000000082200000|100%|HC|  |TAMS 0x0000000082200000, 0x0000000082100000| Complete 
|  34|0x0000000082200000, 0x0000000082300000, 0x0000000082300000|100%| O|  |TAMS 0x0000000082300000, 0x0000000082200000| Untracked 
|  35|0x0000000082300000, 0x0000000082400000, 0x0000000082400000|100%|HS|  |TAMS 0x0000000082400000, 0x0000000082300000| Complete 
|  36|0x0000000082400000, 0x0000000082500000, 0x0000000082500000|100%|HC|  |TAMS 0x0000000082500000, 0x0000000082400000| Complete 
|  37|0x0000000082500000, 0x0000000082600000, 0x0000000082600000|100%| O|  |TAMS 0x0000000082600000, 0x0000000082500000| Untracked 
|  38|0x0000000082600000, 0x0000000082700000, 0x0000000082700000|100%| O|  |TAMS 0x0000000082700000, 0x0000000082600000| Untracked 
|  39|0x0000000082700000, 0x0000000082800000, 0x0000000082800000|100%| O|  |TAMS 0x0000000082800000, 0x0000000082700000| Untracked 
|  40|0x0000000082800000, 0x0000000082900000, 0x0000000082900000|100%| O|  |TAMS 0x0000000082900000, 0x0000000082800000| Untracked 
|  41|0x0000000082900000, 0x0000000082a00000, 0x0000000082a00000|100%| O|  |TAMS 0x0000000082a00000, 0x0000000082900000| Untracked 
|  42|0x0000000082a00000, 0x0000000082b00000, 0x0000000082b00000|100%| O|  |TAMS 0x0000000082b00000, 0x0000000082a00000| Untracked 
|  43|0x0000000082b00000, 0x0000000082c00000, 0x0000000082c00000|100%| O|  |TAMS 0x0000000082c00000, 0x0000000082b00000| Untracked 
|  44|0x0000000082c00000, 0x0000000082d00000, 0x0000000082d00000|100%| O|  |TAMS 0x0000000082d00000, 0x0000000082c00000| Untracked 
|  45|0x0000000082d00000, 0x0000000082e00000, 0x0000000082e00000|100%| O|  |TAMS 0x0000000082e00000, 0x0000000082d00000| Untracked 
|  46|0x0000000082e00000, 0x0000000082f00000, 0x0000000082f00000|100%| O|  |TAMS 0x0000000082f00000, 0x0000000082e00000| Untracked 
|  47|0x0000000082f00000, 0x0000000083000000, 0x0000000083000000|100%| O|  |TAMS 0x0000000083000000, 0x0000000082f00000| Untracked 
|  48|0x0000000083000000, 0x0000000083100000, 0x0000000083100000|100%| O|  |TAMS 0x0000000083100000, 0x0000000083000000| Untracked 
|  49|0x0000000083100000, 0x0000000083200000, 0x0000000083200000|100%| O|  |TAMS 0x0000000083200000, 0x0000000083100000| Untracked 
|  50|0x0000000083200000, 0x0000000083300000, 0x0000000083300000|100%| O|  |TAMS 0x0000000083300000, 0x0000000083200000| Untracked 
|  51|0x0000000083300000, 0x0000000083400000, 0x0000000083400000|100%| O|  |TAMS 0x0000000083400000, 0x0000000083300000| Untracked 
|  52|0x0000000083400000, 0x0000000083500000, 0x0000000083500000|100%| O|  |TAMS 0x0000000083500000, 0x0000000083400000| Untracked 
|  53|0x0000000083500000, 0x0000000083600000, 0x0000000083600000|100%| O|  |TAMS 0x0000000083600000, 0x0000000083500000| Untracked 
|  54|0x0000000083600000, 0x0000000083700000, 0x0000000083700000|100%| O|  |TAMS 0x0000000083700000, 0x0000000083600000| Untracked 
|  55|0x0000000083700000, 0x0000000083800000, 0x0000000083800000|100%| O|  |TAMS 0x0000000083800000, 0x0000000083700000| Untracked 
|  56|0x0000000083800000, 0x0000000083900000, 0x0000000083900000|100%| O|  |TAMS 0x0000000083900000, 0x0000000083800000| Untracked 
|  57|0x0000000083900000, 0x0000000083a00000, 0x0000000083a00000|100%| O|  |TAMS 0x0000000083a00000, 0x0000000083900000| Untracked 
|  58|0x0000000083a00000, 0x0000000083b00000, 0x0000000083b00000|100%| O|  |TAMS 0x0000000083b00000, 0x0000000083a00000| Untracked 
|  59|0x0000000083b00000, 0x0000000083c00000, 0x0000000083c00000|100%| O|  |TAMS 0x0000000083c00000, 0x0000000083b00000| Untracked 
|  60|0x0000000083c00000, 0x0000000083d00000, 0x0000000083d00000|100%| O|  |TAMS 0x0000000083d00000, 0x0000000083c00000| Untracked 
|  61|0x0000000083d00000, 0x0000000083e00000, 0x0000000083e00000|100%| O|  |TAMS 0x0000000083e00000, 0x0000000083d00000| Untracked 
|  62|0x0000000083e00000, 0x0000000083f00000, 0x0000000083f00000|100%| O|  |TAMS 0x0000000083f00000, 0x0000000083e00000| Untracked 
|  63|0x0000000083f00000, 0x0000000084000000, 0x0000000084000000|100%| O|  |TAMS 0x0000000084000000, 0x0000000083f00000| Untracked 
|  64|0x0000000084000000, 0x0000000084100000, 0x0000000084100000|100%| O|  |TAMS 0x0000000084100000, 0x0000000084000000| Untracked 
|  65|0x0000000084100000, 0x0000000084200000, 0x0000000084200000|100%| O|  |TAMS 0x0000000084200000, 0x0000000084100000| Untracked 
|  66|0x0000000084200000, 0x0000000084300000, 0x0000000084300000|100%| O|  |TAMS 0x0000000084300000, 0x0000000084200000| Untracked 
|  67|0x0000000084300000, 0x0000000084400000, 0x0000000084400000|100%| O|  |TAMS 0x0000000084400000, 0x0000000084300000| Untracked 
|  68|0x0000000084400000, 0x0000000084500000, 0x0000000084500000|100%| O|  |TAMS 0x0000000084500000, 0x0000000084400000| Untracked 
|  69|0x0000000084500000, 0x0000000084600000, 0x0000000084600000|100%| O|  |TAMS 0x0000000084600000, 0x0000000084500000| Untracked 
|  70|0x0000000084600000, 0x0000000084700000, 0x0000000084700000|100%| O|  |TAMS 0x0000000084700000, 0x0000000084600000| Untracked 
|  71|0x0000000084700000, 0x0000000084800000, 0x0000000084800000|100%| O|  |TAMS 0x0000000084800000, 0x0000000084700000| Untracked 
|  72|0x0000000084800000, 0x0000000084900000, 0x0000000084900000|100%| O|  |TAMS 0x0000000084900000, 0x0000000084800000| Untracked 
|  73|0x0000000084900000, 0x0000000084a00000, 0x0000000084a00000|100%| O|  |TAMS 0x0000000084a00000, 0x0000000084900000| Untracked 
|  74|0x0000000084a00000, 0x0000000084b00000, 0x0000000084b00000|100%| O|  |TAMS 0x0000000084b00000, 0x0000000084a00000| Untracked 
|  75|0x0000000084b00000, 0x0000000084bd9e00, 0x0000000084c00000| 85%| O|  |TAMS 0x0000000084bd9e00, 0x0000000084b00000| Untracked 
|  76|0x0000000084c00000, 0x0000000084c00000, 0x0000000084d00000|  0%| F|  |TAMS 0x0000000084c00000, 0x0000000084c00000| Untracked 
|  77|0x0000000084d00000, 0x0000000084d00000, 0x0000000084e00000|  0%| F|  |TAMS 0x0000000084d00000, 0x0000000084d00000| Untracked 
|  78|0x0000000084e00000, 0x0000000084e00000, 0x0000000084f00000|  0%| F|  |TAMS 0x0000000084e00000, 0x0000000084e00000| Untracked 
|  79|0x0000000084f00000, 0x0000000084f00000, 0x0000000085000000|  0%| F|  |TAMS 0x0000000084f00000, 0x0000000084f00000| Untracked 
|  80|0x0000000085000000, 0x0000000085000000, 0x0000000085100000|  0%| F|  |TAMS 0x0000000085000000, 0x0000000085000000| Untracked 
|  81|0x0000000085100000, 0x0000000085100000, 0x0000000085200000|  0%| F|  |TAMS 0x0000000085100000, 0x0000000085100000| Untracked 
|  82|0x0000000085200000, 0x0000000085200000, 0x0000000085300000|  0%| F|  |TAMS 0x0000000085200000, 0x0000000085200000| Untracked 
|  83|0x0000000085300000, 0x0000000085300000, 0x0000000085400000|  0%| F|  |TAMS 0x0000000085300000, 0x0000000085300000| Untracked 
|  84|0x0000000085400000, 0x0000000085400000, 0x0000000085500000|  0%| F|  |TAMS 0x0000000085400000, 0x0000000085400000| Untracked 
|  85|0x0000000085500000, 0x0000000085500000, 0x0000000085600000|  0%| F|  |TAMS 0x0000000085500000, 0x0000000085500000| Untracked 
|  86|0x0000000085600000, 0x0000000085600000, 0x0000000085700000|  0%| F|  |TAMS 0x0000000085600000, 0x0000000085600000| Untracked 
|  87|0x0000000085700000, 0x0000000085700000, 0x0000000085800000|  0%| F|  |TAMS 0x0000000085700000, 0x0000000085700000| Untracked 
|  88|0x0000000085800000, 0x0000000085800000, 0x0000000085900000|  0%| F|  |TAMS 0x0000000085800000, 0x0000000085800000| Untracked 
|  89|0x0000000085900000, 0x0000000085900000, 0x0000000085a00000|  0%| F|  |TAMS 0x0000000085900000, 0x0000000085900000| Untracked 
|  90|0x0000000085a00000, 0x0000000085a00000, 0x0000000085b00000|  0%| F|  |TAMS 0x0000000085a00000, 0x0000000085a00000| Untracked 
|  91|0x0000000085b00000, 0x0000000085b00000, 0x0000000085c00000|  0%| F|  |TAMS 0x0000000085b00000, 0x0000000085b00000| Untracked 
|  92|0x0000000085c00000, 0x0000000085c00000, 0x0000000085d00000|  0%| F|  |TAMS 0x0000000085c00000, 0x0000000085c00000| Untracked 
|  93|0x0000000085d00000, 0x0000000085d00000, 0x0000000085e00000|  0%| F|  |TAMS 0x0000000085d00000, 0x0000000085d00000| Untracked 
|  94|0x0000000085e00000, 0x0000000085e00000, 0x0000000085f00000|  0%| F|  |TAMS 0x0000000085e00000, 0x0000000085e00000| Untracked 
|  95|0x0000000085f00000, 0x0000000085f00000, 0x0000000086000000|  0%| F|  |TAMS 0x0000000085f00000, 0x0000000085f00000| Untracked 
|  96|0x0000000086000000, 0x0000000086000000, 0x0000000086100000|  0%| F|  |TAMS 0x0000000086000000, 0x0000000086000000| Untracked 
|  97|0x0000000086100000, 0x0000000086100000, 0x0000000086200000|  0%| F|  |TAMS 0x0000000086100000, 0x0000000086100000| Untracked 
|  98|0x0000000086200000, 0x0000000086200000, 0x0000000086300000|  0%| F|  |TAMS 0x0000000086200000, 0x0000000086200000| Untracked 
|  99|0x0000000086300000, 0x0000000086300000, 0x0000000086400000|  0%| F|  |TAMS 0x0000000086300000, 0x0000000086300000| Untracked 
| 100|0x0000000086400000, 0x0000000086400000, 0x0000000086500000|  0%| F|  |TAMS 0x0000000086400000, 0x0000000086400000| Untracked 
| 101|0x0000000086500000, 0x0000000086500000, 0x0000000086600000|  0%| F|  |TAMS 0x0000000086500000, 0x0000000086500000| Untracked 
| 102|0x0000000086600000, 0x0000000086600000, 0x0000000086700000|  0%| F|  |TAMS 0x0000000086600000, 0x0000000086600000| Untracked 
| 103|0x0000000086700000, 0x0000000086700000, 0x0000000086800000|  0%| F|  |TAMS 0x0000000086700000, 0x0000000086700000| Untracked 
| 104|0x0000000086800000, 0x0000000086800000, 0x0000000086900000|  0%| F|  |TAMS 0x0000000086800000, 0x0000000086800000| Untracked 
| 105|0x0000000086900000, 0x0000000086952f30, 0x0000000086a00000| 32%| S|CS|TAMS 0x0000000086900000, 0x0000000086900000| Complete 
| 106|0x0000000086a00000, 0x0000000086b00000, 0x0000000086b00000|100%| S|CS|TAMS 0x0000000086a00000, 0x0000000086a00000| Complete 
| 107|0x0000000086b00000, 0x0000000086c00000, 0x0000000086c00000|100%| S|CS|TAMS 0x0000000086b00000, 0x0000000086b00000| Complete 
| 108|0x0000000086c00000, 0x0000000086d00000, 0x0000000086d00000|100%| S|CS|TAMS 0x0000000086c00000, 0x0000000086c00000| Complete 
| 109|0x0000000086d00000, 0x0000000086e00000, 0x0000000086e00000|100%| S|CS|TAMS 0x0000000086d00000, 0x0000000086d00000| Complete 
| 110|0x0000000086e00000, 0x0000000086f00000, 0x0000000086f00000|100%| S|CS|TAMS 0x0000000086e00000, 0x0000000086e00000| Complete 
| 111|0x0000000086f00000, 0x0000000087000000, 0x0000000087000000|100%| S|CS|TAMS 0x0000000086f00000, 0x0000000086f00000| Complete 
| 112|0x0000000087000000, 0x0000000087000000, 0x0000000087100000|  0%| F|  |TAMS 0x0000000087000000, 0x0000000087000000| Untracked 
| 113|0x0000000087100000, 0x0000000087100000, 0x0000000087200000|  0%| F|  |TAMS 0x0000000087100000, 0x0000000087100000| Untracked 
| 114|0x0000000087200000, 0x0000000087200000, 0x0000000087300000|  0%| F|  |TAMS 0x0000000087200000, 0x0000000087200000| Untracked 
| 115|0x0000000087300000, 0x0000000087300000, 0x0000000087400000|  0%| F|  |TAMS 0x0000000087300000, 0x0000000087300000| Untracked 
| 116|0x0000000087400000, 0x0000000087400000, 0x0000000087500000|  0%| F|  |TAMS 0x0000000087400000, 0x0000000087400000| Untracked 
| 117|0x0000000087500000, 0x0000000087500000, 0x0000000087600000|  0%| F|  |TAMS 0x0000000087500000, 0x0000000087500000| Untracked 
| 118|0x0000000087600000, 0x0000000087600000, 0x0000000087700000|  0%| F|  |TAMS 0x0000000087600000, 0x0000000087600000| Untracked 
| 119|0x0000000087700000, 0x0000000087700000, 0x0000000087800000|  0%| F|  |TAMS 0x0000000087700000, 0x0000000087700000| Untracked 
| 120|0x0000000087800000, 0x0000000087800000, 0x0000000087900000|  0%| F|  |TAMS 0x0000000087800000, 0x0000000087800000| Untracked 
| 121|0x0000000087900000, 0x0000000087900000, 0x0000000087a00000|  0%| F|  |TAMS 0x0000000087900000, 0x0000000087900000| Untracked 
| 122|0x0000000087a00000, 0x0000000087a00000, 0x0000000087b00000|  0%| F|  |TAMS 0x0000000087a00000, 0x0000000087a00000| Untracked 
| 123|0x0000000087b00000, 0x0000000087b00000, 0x0000000087c00000|  0%| F|  |TAMS 0x0000000087b00000, 0x0000000087b00000| Untracked 
| 124|0x0000000087c00000, 0x0000000087c00000, 0x0000000087d00000|  0%| F|  |TAMS 0x0000000087c00000, 0x0000000087c00000| Untracked 
| 125|0x0000000087d00000, 0x0000000087d00000, 0x0000000087e00000|  0%| F|  |TAMS 0x0000000087d00000, 0x0000000087d00000| Untracked 
| 126|0x0000000087e00000, 0x0000000087e00000, 0x0000000087f00000|  0%| F|  |TAMS 0x0000000087e00000, 0x0000000087e00000| Untracked 
| 127|0x0000000087f00000, 0x0000000087f00000, 0x0000000088000000|  0%| F|  |TAMS 0x0000000087f00000, 0x0000000087f00000| Untracked 
| 128|0x0000000088000000, 0x0000000088000000, 0x0000000088100000|  0%| F|  |TAMS 0x0000000088000000, 0x0000000088000000| Untracked 
| 129|0x0000000088100000, 0x0000000088100000, 0x0000000088200000|  0%| F|  |TAMS 0x0000000088100000, 0x0000000088100000| Untracked 
| 130|0x0000000088200000, 0x0000000088200000, 0x0000000088300000|  0%| F|  |TAMS 0x0000000088200000, 0x0000000088200000| Untracked 
| 131|0x0000000088300000, 0x0000000088300000, 0x0000000088400000|  0%| F|  |TAMS 0x0000000088300000, 0x0000000088300000| Untracked 
| 132|0x0000000088400000, 0x0000000088400000, 0x0000000088500000|  0%| F|  |TAMS 0x0000000088400000, 0x0000000088400000| Untracked 
| 133|0x0000000088500000, 0x0000000088500000, 0x0000000088600000|  0%| F|  |TAMS 0x0000000088500000, 0x0000000088500000| Untracked 
| 134|0x0000000088600000, 0x0000000088600000, 0x0000000088700000|  0%| F|  |TAMS 0x0000000088600000, 0x0000000088600000| Untracked 
| 135|0x0000000088700000, 0x0000000088700000, 0x0000000088800000|  0%| F|  |TAMS 0x0000000088700000, 0x0000000088700000| Untracked 
| 136|0x0000000088800000, 0x0000000088800000, 0x0000000088900000|  0%| F|  |TAMS 0x0000000088800000, 0x0000000088800000| Untracked 
| 137|0x0000000088900000, 0x0000000088900000, 0x0000000088a00000|  0%| F|  |TAMS 0x0000000088900000, 0x0000000088900000| Untracked 
| 138|0x0000000088a00000, 0x0000000088a00000, 0x0000000088b00000|  0%| F|  |TAMS 0x0000000088a00000, 0x0000000088a00000| Untracked 
| 139|0x0000000088b00000, 0x0000000088b00000, 0x0000000088c00000|  0%| F|  |TAMS 0x0000000088b00000, 0x0000000088b00000| Untracked 
| 140|0x0000000088c00000, 0x0000000088c00000, 0x0000000088d00000|  0%| F|  |TAMS 0x0000000088c00000, 0x0000000088c00000| Untracked 
| 141|0x0000000088d00000, 0x0000000088d00000, 0x0000000088e00000|  0%| F|  |TAMS 0x0000000088d00000, 0x0000000088d00000| Untracked 
| 142|0x0000000088e00000, 0x0000000088e00000, 0x0000000088f00000|  0%| F|  |TAMS 0x0000000088e00000, 0x0000000088e00000| Untracked 
| 143|0x0000000088f00000, 0x0000000088f7c728, 0x0000000089000000| 48%| E|  |TAMS 0x0000000088f00000, 0x0000000088f00000| Complete 
| 144|0x0000000089000000, 0x0000000089100000, 0x0000000089100000|100%| E|CS|TAMS 0x0000000089000000, 0x0000000089000000| Complete 
| 145|0x0000000089100000, 0x0000000089200000, 0x0000000089200000|100%| E|CS|TAMS 0x0000000089100000, 0x0000000089100000| Complete 
| 146|0x0000000089200000, 0x0000000089300000, 0x0000000089300000|100%| E|CS|TAMS 0x0000000089200000, 0x0000000089200000| Complete 
| 147|0x0000000089300000, 0x0000000089400000, 0x0000000089400000|100%| E|CS|TAMS 0x0000000089300000, 0x0000000089300000| Complete 
| 148|0x0000000089400000, 0x0000000089500000, 0x0000000089500000|100%| E|CS|TAMS 0x0000000089400000, 0x0000000089400000| Complete 
| 149|0x0000000089500000, 0x0000000089600000, 0x0000000089600000|100%| E|CS|TAMS 0x0000000089500000, 0x0000000089500000| Complete 
| 150|0x0000000089600000, 0x0000000089700000, 0x0000000089700000|100%| E|  |TAMS 0x0000000089600000, 0x0000000089600000| Complete 
| 151|0x0000000089700000, 0x0000000089800000, 0x0000000089800000|100%| E|CS|TAMS 0x0000000089700000, 0x0000000089700000| Complete 
| 152|0x0000000089800000, 0x0000000089900000, 0x0000000089900000|100%| E|CS|TAMS 0x0000000089800000, 0x0000000089800000| Complete 
| 153|0x0000000089900000, 0x0000000089a00000, 0x0000000089a00000|100%| E|CS|TAMS 0x0000000089900000, 0x0000000089900000| Complete 
| 154|0x0000000089a00000, 0x0000000089b00000, 0x0000000089b00000|100%| E|CS|TAMS 0x0000000089a00000, 0x0000000089a00000| Complete 
| 155|0x0000000089b00000, 0x0000000089c00000, 0x0000000089c00000|100%| E|CS|TAMS 0x0000000089b00000, 0x0000000089b00000| Complete 
| 156|0x0000000089c00000, 0x0000000089d00000, 0x0000000089d00000|100%| E|CS|TAMS 0x0000000089c00000, 0x0000000089c00000| Complete 
| 157|0x0000000089d00000, 0x0000000089e00000, 0x0000000089e00000|100%| E|CS|TAMS 0x0000000089d00000, 0x0000000089d00000| Complete 
| 158|0x0000000089e00000, 0x0000000089f00000, 0x0000000089f00000|100%| E|CS|TAMS 0x0000000089e00000, 0x0000000089e00000| Complete 
| 159|0x0000000089f00000, 0x000000008a000000, 0x000000008a000000|100%| E|CS|TAMS 0x0000000089f00000, 0x0000000089f00000| Complete 
| 160|0x000000008a000000, 0x000000008a100000, 0x000000008a100000|100%| E|CS|TAMS 0x000000008a000000, 0x000000008a000000| Complete 
| 161|0x000000008a100000, 0x000000008a200000, 0x000000008a200000|100%| E|CS|TAMS 0x000000008a100000, 0x000000008a100000| Complete 

Card table byte_map: [0x0000023dcdd60000,0x0000023dce160000] _byte_map_base: 0x0000023dcd960000

Marking Bits (Prev, Next): (CMBitMap*) 0x0000023dbab699d0, (CMBitMap*) 0x0000023dbab69998
 Prev Bits: [0x0000023dd0560000, 0x0000023dd2560000)
 Next Bits: [0x0000023dce560000, 0x0000023dd0560000)

Polling page: 0x0000023db8aa0000

Metaspace:

Usage:
  Non-class:     75.00 MB capacity,    73.75 MB ( 98%) used,     1.01 MB (  1%) free+waste,   243.25 KB ( <1%) overhead. 
      Class:     11.68 MB capacity,    10.93 MB ( 94%) used,   661.19 KB (  6%) free+waste,   108.69 KB ( <1%) overhead. 
       Both:     86.68 MB capacity,    84.69 MB ( 98%) used,     1.65 MB (  2%) free+waste,   351.94 KB ( <1%) overhead. 

Virtual space:
  Non-class space:       76.00 MB reserved,      75.17 MB ( 99%) committed 
      Class space:        1.00 GB reserved,      11.70 MB (  1%) committed 
             Both:        1.07 GB reserved,      86.87 MB (  8%) committed 

Chunk freelists:
   Non-Class:  50.00 KB
       Class:  3.00 KB
        Both:  53.00 KB

MaxMetaspaceSize: 17179869184.00 GB
CompressedClassSpaceSize: 1.00 GB
Initial GC threshold: 20.80 MB
Current GC threshold: 143.95 MB
CDS: off

CodeHeap 'non-profiled nmethods': size=120000Kb used=4849Kb max_used=4849Kb free=115150Kb
 bounds [0x0000023dc6100000, 0x0000023dc65c0000, 0x0000023dcd630000]
CodeHeap 'profiled nmethods': size=120000Kb used=21633Kb max_used=21633Kb free=98366Kb
 bounds [0x0000023dbebd0000, 0x0000023dc0100000, 0x0000023dc6100000]
CodeHeap 'non-nmethods': size=5760Kb used=2367Kb max_used=2412Kb free=3392Kb
 bounds [0x0000023dbe630000, 0x0000023dbe8a0000, 0x0000023dbebd0000]
 total_blobs=11146 nmethods=10257 adapters=800
 compilation: enabled
              stopped_count=0, restarted_count=0
 full_count=0

Compilation events (20 events):
Event: 30.641 Thread 0x0000023dd5991000 10455       3       org.gradle.api.internal.attributes.DefaultImmutableAttributesFactory::concat (126 bytes)
Event: 30.643 Thread 0x0000023dd5991000 nmethod 10455 0x0000023dc00d8f10 code [0x0000023dc00d9200, 0x0000023dc00da2e8]
Event: 30.648 Thread 0x0000023dd5991000 10456       3       org.gradle.api.internal.artifacts.transform.DefaultTransformedVariantFactory::doCreateExternal (44 bytes)
Event: 30.648 Thread 0x0000023dd5991000 nmethod 10456 0x0000023dc00da790 code [0x0000023dc00da980, 0x0000023dc00daee8]
Event: 30.651 Thread 0x0000023dd5991000 10458       3       org.gradle.api.internal.artifacts.ivyservice.resolveengine.artifact.DefaultArtifactSet$SingleArtifactVariantIdentifier::hashCode (8 bytes)
Event: 30.651 Thread 0x0000023dd5991000 nmethod 10458 0x0000023dc00db190 code [0x0000023dc00db340, 0x0000023dc00db508]
Event: 30.674 Thread 0x0000023dd5991000 10460       3       com.google.common.cache.LocalCache::reclaimValue (32 bytes)
Event: 30.675 Thread 0x0000023dd5991000 nmethod 10460 0x0000023dc00db610 code [0x0000023dc00db800, 0x0000023dc00dbc38]
Event: 30.676 Thread 0x0000023dd5991000 10461       3       com.google.common.cache.LocalCache$Segment::enqueueNotification (67 bytes)
Event: 30.677 Thread 0x0000023dd5991000 nmethod 10461 0x0000023dc00dbe90 code [0x0000023dc00dc0c0, 0x0000023dc00dc938]
Event: 30.677 Thread 0x0000023dd5991000 10462       3       com.google.common.cache.CacheBuilder$1::recordEviction (1 bytes)
Event: 30.678 Thread 0x0000023dd5991000 nmethod 10462 0x0000023dc00dcc10 code [0x0000023dc00dcdc0, 0x0000023dc00dceb8]
Event: 30.678 Thread 0x0000023dd5991000 10464       3       com.google.common.cache.LocalCache$Segment::removeEntryFromChain (73 bytes)
Event: 30.679 Thread 0x0000023dd5991000 nmethod 10464 0x0000023dc00dcf90 code [0x0000023dc00dd180, 0x0000023dc00dd5f8]
Event: 30.679 Thread 0x0000023dd5991000 10465   !   3       com.google.common.cache.LocalCache$Segment::reclaimValue (257 bytes)
Event: 30.690 Thread 0x0000023dd5991000 nmethod 10465 0x0000023dc00dd790 code [0x0000023dc00dde80, 0x0000023dc00e1e48]
Event: 30.690 Thread 0x0000023dd5991000 10463       3       com.google.common.cache.LocalCache$Segment::removeValueFromChain (67 bytes)
Event: 30.690 Thread 0x0000023dd5991000 nmethod 10463 0x0000023dc00e3a90 code [0x0000023dc00e3cc0, 0x0000023dc00e42a8]
Event: 30.701 Thread 0x0000023dd5991000 10471       3       org.gradle.internal.execution.steps.AssignWorkspaceStep$1::<init> (26 bytes)
Event: 30.702 Thread 0x0000023dd5991000 nmethod 10471 0x0000023dc00e4490 code [0x0000023dc00e4660, 0x0000023dc00e4938]

GC Heap History (20 events):
Event: 20.370 GC heap before
{Heap before GC invocations=24 (full 0):
 garbage-first heap   total 114688K, used 89413K [0x0000000080000000, 0x0000000100000000)
  region size 1024K, 31 young (31744K), 3 survivors (3072K)
 Metaspace       used 67908K, capacity 69367K, committed 69500K, reserved 1110016K
  class space    used 8549K, capacity 9136K, committed 9164K, reserved 1048576K
}
Event: 20.378 GC heap after
{Heap after GC invocations=25 (full 0):
 garbage-first heap   total 114688K, used 63046K [0x0000000080000000, 0x0000000100000000)
  region size 1024K, 4 young (4096K), 4 survivors (4096K)
 Metaspace       used 67908K, capacity 69367K, committed 69500K, reserved 1110016K
  class space    used 8549K, capacity 9136K, committed 9164K, reserved 1048576K
}
Event: 20.738 GC heap before
{Heap before GC invocations=26 (full 0):
 garbage-first heap   total 114688K, used 90694K [0x0000000080000000, 0x0000000100000000)
  region size 1024K, 31 young (31744K), 4 survivors (4096K)
 Metaspace       used 68937K, capacity 70425K, committed 70652K, reserved 1110016K
  class space    used 8654K, capacity 9234K, committed 9292K, reserved 1048576K
}
Event: 20.746 GC heap after
{Heap after GC invocations=27 (full 0):
 garbage-first heap   total 114688K, used 65098K [0x0000000080000000, 0x0000000100000000)
  region size 1024K, 3 young (3072K), 3 survivors (3072K)
 Metaspace       used 68937K, capacity 70425K, committed 70652K, reserved 1110016K
  class space    used 8654K, capacity 9234K, committed 9292K, reserved 1048576K
}
Event: 21.429 GC heap before
{Heap before GC invocations=27 (full 0):
 garbage-first heap   total 114688K, used 91722K [0x0000000080000000, 0x0000000100000000)
  region size 1024K, 29 young (29696K), 3 survivors (3072K)
 Metaspace       used 72125K, capacity 73671K, committed 73852K, reserved 1114112K
  class space    used 9241K, capacity 9846K, committed 9932K, reserved 1048576K
}
Event: 21.438 GC heap after
{Heap after GC invocations=28 (full 0):
 garbage-first heap   total 114688K, used 66574K [0x0000000080000000, 0x0000000100000000)
  region size 1024K, 4 young (4096K), 4 survivors (4096K)
 Metaspace       used 72125K, capacity 73671K, committed 73852K, reserved 1114112K
  class space    used 9241K, capacity 9846K, committed 9932K, reserved 1048576K
}
Event: 22.058 GC heap before
{Heap before GC invocations=29 (full 0):
 garbage-first heap   total 114688K, used 93198K [0x0000000080000000, 0x0000000100000000)
  region size 1024K, 30 young (30720K), 4 survivors (4096K)
 Metaspace       used 74621K, capacity 76183K, committed 76540K, reserved 1116160K
  class space    used 9584K, capacity 10183K, committed 10316K, reserved 1048576K
}
Event: 22.066 GC heap after
{Heap after GC invocations=30 (full 0):
 garbage-first heap   total 114688K, used 68233K [0x0000000080000000, 0x0000000100000000)
  region size 1024K, 4 young (4096K), 4 survivors (4096K)
 Metaspace       used 74621K, capacity 76183K, committed 76540K, reserved 1116160K
  class space    used 9584K, capacity 10183K, committed 10316K, reserved 1048576K
}
Event: 22.732 GC heap before
{Heap before GC invocations=30 (full 0):
 garbage-first heap   total 114688K, used 92809K [0x0000000080000000, 0x0000000100000000)
  region size 1024K, 29 young (29696K), 4 survivors (4096K)
 Metaspace       used 76801K, capacity 78436K, committed 78588K, reserved 1118208K
  class space    used 9887K, capacity 10497K, committed 10572K, reserved 1048576K
}
Event: 22.750 GC heap after
{Heap after GC invocations=31 (full 0):
 garbage-first heap   total 138240K, used 70028K [0x0000000080000000, 0x0000000100000000)
  region size 1024K, 4 young (4096K), 4 survivors (4096K)
 Metaspace       used 76801K, capacity 78436K, committed 78588K, reserved 1118208K
  class space    used 9887K, capacity 10497K, committed 10572K, reserved 1048576K
}
Event: 23.936 GC heap before
{Heap before GC invocations=32 (full 0):
 garbage-first heap   total 138240K, used 107916K [0x0000000080000000, 0x0000000100000000)
  region size 1024K, 41 young (41984K), 4 survivors (4096K)
 Metaspace       used 81349K, capacity 83024K, committed 83324K, reserved 1122304K
  class space    used 10511K, capacity 11135K, committed 11212K, reserved 1048576K
}
Event: 23.946 GC heap after
{Heap after GC invocations=33 (full 0):
 garbage-first heap   total 138240K, used 71867K [0x0000000080000000, 0x0000000100000000)
  region size 1024K, 4 young (4096K), 4 survivors (4096K)
 Metaspace       used 81349K, capacity 83024K, committed 83324K, reserved 1122304K
  class space    used 10511K, capacity 11135K, committed 11212K, reserved 1048576K
}
Event: 25.040 GC heap before
{Heap before GC invocations=33 (full 0):
 garbage-first heap   total 138240K, used 109755K [0x0000000080000000, 0x0000000100000000)
  region size 1024K, 41 young (41984K), 4 survivors (4096K)
 Metaspace       used 84150K, capacity 85993K, committed 86140K, reserved 1124352K
  class space    used 10917K, capacity 11607K, committed 11724K, reserved 1048576K
}
Event: 25.061 GC heap after
{Heap after GC invocations=34 (full 0):
 garbage-first heap   total 138240K, used 75066K [0x0000000080000000, 0x0000000100000000)
  region size 1024K, 6 young (6144K), 6 survivors (6144K)
 Metaspace       used 84150K, capacity 85993K, committed 86140K, reserved 1124352K
  class space    used 10917K, capacity 11607K, committed 11724K, reserved 1048576K
}
Event: 27.394 GC heap before
{Heap before GC invocations=35 (full 0):
 garbage-first heap   total 138240K, used 109882K [0x0000000080000000, 0x0000000100000000)
  region size 1024K, 41 young (41984K), 6 survivors (6144K)
 Metaspace       used 85625K, capacity 87629K, committed 87932K, reserved 1126400K
  class space    used 11137K, capacity 11898K, committed 11980K, reserved 1048576K
}
Event: 27.406 GC heap after
{Heap after GC invocations=36 (full 0):
 garbage-first heap   total 138240K, used 78046K [0x0000000080000000, 0x0000000100000000)
  region size 1024K, 4 young (4096K), 4 survivors (4096K)
 Metaspace       used 85625K, capacity 87629K, committed 87932K, reserved 1126400K
  class space    used 11137K, capacity 11898K, committed 11980K, reserved 1048576K
}
Event: 28.875 GC heap before
{Heap before GC invocations=36 (full 0):
 garbage-first heap   total 138240K, used 111838K [0x0000000080000000, 0x0000000100000000)
  region size 1024K, 38 young (38912K), 4 survivors (4096K)
 Metaspace       used 86107K, capacity 88066K, committed 88188K, reserved 1126400K
  class space    used 11173K, capacity 11950K, committed 11980K, reserved 1048576K
}
Event: 28.886 GC heap after
{Heap after GC invocations=37 (full 0):
 garbage-first heap   total 165888K, used 80515K [0x0000000080000000, 0x0000000100000000)
  region size 1024K, 3 young (3072K), 3 survivors (3072K)
 Metaspace       used 86107K, capacity 88066K, committed 88188K, reserved 1126400K
  class space    used 11173K, capacity 11950K, committed 11980K, reserved 1048576K
}
Event: 30.032 GC heap before
{Heap before GC invocations=38 (full 0):
 garbage-first heap   total 165888K, used 130691K [0x0000000080000000, 0x0000000100000000)
  region size 1024K, 53 young (54272K), 3 survivors (3072K)
 Metaspace       used 86650K, capacity 88619K, committed 88700K, reserved 1126400K
  class space    used 11193K, capacity 11963K, committed 11980K, reserved 1048576K
}
Event: 30.045 GC heap after
{Heap after GC invocations=39 (full 0):
 garbage-first heap   total 165888K, used 84147K [0x0000000080000000, 0x0000000100000000)
  region size 1024K, 7 young (7168K), 7 survivors (7168K)
 Metaspace       used 86650K, capacity 88619K, committed 88700K, reserved 1126400K
  class space    used 11193K, capacity 11963K, committed 11980K, reserved 1048576K
}

Deoptimization events (20 events):
Event: 30.135 Thread 0x0000023dd99aa800 DEOPT PACKING pc=0x0000023dc65814a4 sp=0x00000041e29fdef0
Event: 30.135 Thread 0x0000023dd99aa800 DEOPT UNPACKING pc=0x0000023dbe67a1af sp=0x00000041e29fdde0 mode 2
Event: 30.135 Thread 0x0000023dd999f000 Uncommon trap: trap_request=0xffffffde fr.pc=0x0000023dc657cc24 relative=0x0000000000000264
Event: 30.135 Thread 0x0000023dd999f000 Uncommon trap: reason=class_check action=maybe_recompile pc=0x0000023dc657cc24 method=java.util.concurrent.ConcurrentHashMap.get(Ljava/lang/Object;)Ljava/lang/Object; @ 93 c2
Event: 30.135 Thread 0x0000023dd999f000 DEOPT PACKING pc=0x0000023dc657cc24 sp=0x00000041e20fe190
Event: 30.135 Thread 0x0000023dd999f000 DEOPT UNPACKING pc=0x0000023dbe67a1af sp=0x00000041e20fe0e8 mode 2
Event: 30.137 Thread 0x0000023dd99aa800 Uncommon trap: trap_request=0xffffffde fr.pc=0x0000023dc657cc24 relative=0x0000000000000264
Event: 30.137 Thread 0x0000023dd99aa800 Uncommon trap: reason=class_check action=maybe_recompile pc=0x0000023dc657cc24 method=java.util.concurrent.ConcurrentHashMap.get(Ljava/lang/Object;)Ljava/lang/Object; @ 93 c2
Event: 30.137 Thread 0x0000023dd99aa800 DEOPT PACKING pc=0x0000023dc657cc24 sp=0x00000041e29fdc80
Event: 30.137 Thread 0x0000023dd99aa800 DEOPT UNPACKING pc=0x0000023dbe67a1af sp=0x00000041e29fdbd8 mode 2
Event: 30.137 Thread 0x0000023dd99aa800 Uncommon trap: trap_request=0xffffffde fr.pc=0x0000023dc657cc24 relative=0x0000000000000264
Event: 30.137 Thread 0x0000023dd99aa800 Uncommon trap: reason=class_check action=maybe_recompile pc=0x0000023dc657cc24 method=java.util.concurrent.ConcurrentHashMap.get(Ljava/lang/Object;)Ljava/lang/Object; @ 93 c2
Event: 30.137 Thread 0x0000023dd99aa800 DEOPT PACKING pc=0x0000023dc657cc24 sp=0x00000041e29fdda0
Event: 30.137 Thread 0x0000023dd99aa800 DEOPT UNPACKING pc=0x0000023dbe67a1af sp=0x00000041e29fdcf8 mode 2
Event: 30.139 Thread 0x0000023dda1c2000 Uncommon trap: trap_request=0xffffff4d fr.pc=0x0000023dc6580aa4 relative=0x00000000000019e4
Event: 30.139 Thread 0x0000023dda1c2000 Uncommon trap: reason=unstable_if action=reinterpret pc=0x0000023dc6580aa4 method=java.util.concurrent.ConcurrentHashMap.computeIfAbsent(Ljava/lang/Object;Ljava/util/function/Function;)Ljava/lang/Object; @ 199 c2
Event: 30.139 Thread 0x0000023dda1c2000 DEOPT PACKING pc=0x0000023dc6580aa4 sp=0x00000041e48fde90
Event: 30.139 Thread 0x0000023dda1c2000 DEOPT UNPACKING pc=0x0000023dbe67a1af sp=0x00000041e48fde40 mode 2
Event: 30.634 Thread 0x0000023dd85ca800 DEOPT PACKING pc=0x0000023dc00b4176 sp=0x00000041e6efa7f0
Event: 30.634 Thread 0x0000023dd85ca800 DEOPT UNPACKING pc=0x0000023dbe67a95e sp=0x00000041e6ef9d10 mode 0

Classes redefined (0 events):
No events

Internal exceptions (20 events):
Event: 26.675 Thread 0x0000023dd85cf800 Exception <a 'java/lang/NoSuchMethodError'{0x000000008772b1d8}: 'void java.lang.invoke.DirectMethodHandle$Holder.invokeStatic(java.lang.Object, java.lang.Object, java.lang.Object, java.lang.Object, int, java.lang.Object, java.lang.Object)'> (0x000000008772b1d8) thrown at [./src/hotspot/share/interpreter/linkResolver.cpp, line 773]
Event: 26.681 Thread 0x0000023dd85cf800 Implicit null exception at 0x0000023dc651bc60 to 0x0000023dc651c060
Event: 26.796 Thread 0x0000023dd99a1800 Exception <a 'java/lang/NoSuchMethodError'{0x0000000087468bb8}: 'java.lang.Object java.lang.invoke.DirectMethodHandle$Holder.invokeSpecialIFC(java.lang.Object, java.lang.Object, java.lang.Object)'> (0x0000000087468bb8) thrown at [./src/hotspot/share/interpreter/linkResolver.cpp, line 773]
Event: 28.072 Thread 0x0000023dda740800 Implicit null exception at 0x0000023dc655e1db to 0x0000023dc655e26c
Event: 28.463 Thread 0x0000023dda1c0000 Implicit null exception at 0x0000023dc656f424 to 0x0000023dc656fe5c
Event: 28.463 Thread 0x0000023dda1c0000 Implicit null exception at 0x0000023dc656f424 to 0x0000023dc656fe5c
Event: 28.464 Thread 0x0000023dda1bb800 Implicit null exception at 0x0000023dc656f424 to 0x0000023dc656fe5c
Event: 28.464 Thread 0x0000023dda1bb800 Implicit null exception at 0x0000023dc656f424 to 0x0000023dc656fe5c
Event: 28.664 Thread 0x0000023dd85cf800 Exception <a 'java/lang/NoSuchMethodError'{0x000000008662d318}: 'void java.lang.invoke.DirectMethodHandle$Holder.invokeInterface(java.lang.Object, java.lang.Object, java.lang.Object, java.lang.Object)'> (0x000000008662d318) thrown at [./src/hotspot/share/interpreter/linkResolver.cpp, line 773]
Event: 28.867 Thread 0x0000023dd85cf800 Implicit null exception at 0x0000023dc6571cc9 to 0x0000023dc6572568
Event: 28.867 Thread 0x0000023dd85cf800 Implicit null exception at 0x0000023dc657417a to 0x0000023dc657499c
Event: 29.296 Thread 0x0000023dd85ca800 Exception <a 'java/lang/NoSuchMethodError'{0x00000000891141a8}: <clinit>> (0x00000000891141a8) thrown at [./src/hotspot/share/prims/jni.cpp, line 1366]
Event: 29.296 Thread 0x0000023dd85ca800 Exception <a 'java/lang/NoSuchMethodError'{0x00000000891157b0}: <clinit>> (0x00000000891157b0) thrown at [./src/hotspot/share/prims/jni.cpp, line 1366]
Event: 29.297 Thread 0x0000023dd85ca800 Exception <a 'java/lang/NoSuchMethodError'{0x0000000089118600}: <clinit>> (0x0000000089118600) thrown at [./src/hotspot/share/prims/jni.cpp, line 1366]
Event: 29.300 Thread 0x0000023dd85ca800 Exception <a 'java/lang/NoSuchMethodError'{0x000000008912f930}: <clinit>> (0x000000008912f930) thrown at [./src/hotspot/share/prims/jni.cpp, line 1366]
Event: 29.300 Thread 0x0000023dd85ca800 Exception <a 'java/lang/NoSuchMethodError'{0x0000000089130b68}: <clinit>> (0x0000000089130b68) thrown at [./src/hotspot/share/prims/jni.cpp, line 1366]
Event: 29.732 Thread 0x0000023ddbc95800 Exception <a 'java/io/IOException'{0x0000000087eb3290}> (0x0000000087eb3290) thrown at [./src/hotspot/share/prims/jni.cpp, line 616]
Event: 29.811 Thread 0x0000023dd6ea6800 Exception <a 'java/lang/NoSuchMethodError'{0x0000000087aa5e28}: <clinit>> (0x0000000087aa5e28) thrown at [./src/hotspot/share/prims/jni.cpp, line 1366]
Event: 29.814 Thread 0x0000023dd6ea6800 Exception <a 'java/lang/NoSuchMethodError'{0x0000000087ae3730}: <clinit>> (0x0000000087ae3730) thrown at [./src/hotspot/share/prims/jni.cpp, line 1366]
Event: 29.817 Thread 0x0000023dd6ea6800 Exception <a 'java/lang/NoSuchMethodError'{0x0000000087906818}: <clinit>> (0x0000000087906818) thrown at [./src/hotspot/share/prims/jni.cpp, line 1366]

Events (20 events):
Event: 29.937 loading class org/gradle/api/artifacts/component/ProjectComponentIdentifier
Event: 29.937 loading class org/gradle/api/artifacts/component/ProjectComponentIdentifier done
Event: 30.032 Executing VM operation: G1CollectForAllocation
Event: 30.045 Executing VM operation: G1CollectForAllocation done
Event: 30.115 Executing VM operation: RevokeBias
Event: 30.115 Executing VM operation: RevokeBias done
Event: 30.116 Executing VM operation: RevokeBias
Event: 30.117 Executing VM operation: RevokeBias done
Event: 30.135 Executing VM operation: RevokeBias
Event: 30.136 Executing VM operation: RevokeBias done
Event: 30.138 Executing VM operation: RevokeBias
Event: 30.138 Executing VM operation: RevokeBias done
Event: 30.219 Executing VM operation: BulkRevokeBias
Event: 30.225 Executing VM operation: BulkRevokeBias done
Event: 30.669 loading class org/gradle/api/internal/file/FileCollectionFactory
Event: 30.669 loading class org/gradle/api/internal/file/FileCollectionFactory done
Event: 30.670 loading class org/gradle/api/file/FileCollection
Event: 30.670 loading class org/gradle/api/file/FileCollection done
Event: 30.670 loading class org/gradle/api/internal/file/FileCollectionFactory
Event: 30.670 loading class org/gradle/api/internal/file/FileCollectionFactory done


Dynamic libraries:
0x00007ff7b5b40000 - 0x00007ff7b5b4a000 	D:\Android\jre\bin\java.exe
0x00007ff9d4050000 - 0x00007ff9d4264000 	C:\WINDOWS\SYSTEM32\ntdll.dll
0x00007ff9d2ec0000 - 0x00007ff9d2f82000 	C:\WINDOWS\System32\KERNEL32.DLL
0x00007ff9d19b0000 - 0x00007ff9d1d53000 	C:\WINDOWS\System32\KERNELBASE.dll
0x00007ff9ce190000 - 0x00007ff9ce227000 	C:\WINDOWS\SYSTEM32\apphelp.dll
0x00007ff9d17c0000 - 0x00007ff9d18d1000 	C:\WINDOWS\System32\ucrtbase.dll
0x00007ff9bef50000 - 0x00007ff9bef67000 	D:\Android\jre\bin\VCRUNTIME140.dll
0x00007ff9c2ef0000 - 0x00007ff9c2f09000 	D:\Android\jre\bin\jli.dll
0x00007ff9d3d60000 - 0x00007ff9d3f0b000 	C:\WINDOWS\System32\USER32.dll
0x00007ff9bf4b0000 - 0x00007ff9bf73e000 	C:\WINDOWS\WinSxS\amd64_microsoft.windows.common-controls_6595b64144ccf1df_6.0.22621.1635_none_270f70857386168e\COMCTL32.dll
0x00007ff9d18e0000 - 0x00007ff9d1906000 	C:\WINDOWS\System32\win32u.dll
0x00007ff9d3a60000 - 0x00007ff9d3b07000 	C:\WINDOWS\System32\msvcrt.dll
0x00007ff9d2640000 - 0x00007ff9d2669000 	C:\WINDOWS\System32\GDI32.dll
0x00007ff9d16a0000 - 0x00007ff9d17b8000 	C:\WINDOWS\System32\gdi32full.dll
0x00007ff9d1910000 - 0x00007ff9d19aa000 	C:\WINDOWS\System32\msvcp_win.dll
0x00007ff9d3640000 - 0x00007ff9d3671000 	C:\WINDOWS\System32\IMM32.DLL
0x00007ff9bed60000 - 0x00007ff9bedfd000 	D:\Android\jre\bin\msvcp140.dll
0x00007ff9820b0000 - 0x00007ff982bb2000 	D:\Android\jre\bin\server\jvm.dll
0x00007ff9d34f0000 - 0x00007ff9d359e000 	C:\WINDOWS\System32\ADVAPI32.dll
0x00007ff9d2f90000 - 0x00007ff9d3034000 	C:\WINDOWS\System32\sechost.dll
0x00007ff9d2520000 - 0x00007ff9d2637000 	C:\WINDOWS\System32\RPCRT4.dll
0x00007ff9d3ba0000 - 0x00007ff9d3ba8000 	C:\WINDOWS\System32\PSAPI.DLL
0x00007ff9ce230000 - 0x00007ff9ce264000 	C:\WINDOWS\SYSTEM32\WINMM.dll
0x00007ff9ae3d0000 - 0x00007ff9ae3d9000 	C:\WINDOWS\SYSTEM32\WSOCK32.dll
0x00007ff9cb820000 - 0x00007ff9cb82a000 	C:\WINDOWS\SYSTEM32\VERSION.dll
0x00007ff9d3680000 - 0x00007ff9d36f1000 	C:\WINDOWS\System32\WS2_32.dll
0x00007ff9d0490000 - 0x00007ff9d04a8000 	C:\WINDOWS\SYSTEM32\kernel.appcore.dll
0x00007ff9b6540000 - 0x00007ff9b6551000 	D:\Android\jre\bin\verify.dll
0x00007ff9ced50000 - 0x00007ff9cef7e000 	C:\WINDOWS\SYSTEM32\DBGHELP.DLL
0x00007ff9d3160000 - 0x00007ff9d34e9000 	C:\WINDOWS\System32\combase.dll
0x00007ff9d3920000 - 0x00007ff9d39f7000 	C:\WINDOWS\System32\OLEAUT32.dll
0x00007ff9cbf60000 - 0x00007ff9cbf92000 	C:\WINDOWS\SYSTEM32\dbgcore.DLL
0x00007ff9d1d60000 - 0x00007ff9d1ddb000 	C:\WINDOWS\System32\bcryptPrimitives.dll
0x00007ff9b6510000 - 0x00007ff9b6539000 	D:\Android\jre\bin\java.dll
0x00007ff9cb5a0000 - 0x00007ff9cb5ab000 	D:\Android\jre\bin\jimage.dll
0x00007ff9b64f0000 - 0x00007ff9b6508000 	D:\Android\jre\bin\zip.dll
0x00007ff9d26c0000 - 0x00007ff9d2eba000 	C:\WINDOWS\System32\SHELL32.dll
0x00007ff9cf420000 - 0x00007ff9cfcee000 	C:\WINDOWS\SYSTEM32\windows.storage.dll
0x00007ff9cf2e0000 - 0x00007ff9cf41e000 	C:\WINDOWS\SYSTEM32\wintypes.dll
0x00007ff9d3bb0000 - 0x00007ff9d3ca1000 	C:\WINDOWS\System32\SHCORE.dll
0x00007ff9d3a00000 - 0x00007ff9d3a5e000 	C:\WINDOWS\System32\shlwapi.dll
0x00007ff9d13a0000 - 0x00007ff9d13c1000 	C:\WINDOWS\SYSTEM32\profapi.dll
0x00007ff9b64d0000 - 0x00007ff9b64ea000 	D:\Android\jre\bin\net.dll
0x00007ff9c7dc0000 - 0x00007ff9c7ef7000 	C:\WINDOWS\SYSTEM32\WINHTTP.dll
0x00007ff9d0910000 - 0x00007ff9d0979000 	C:\WINDOWS\system32\mswsock.dll
0x00007ff9af3b0000 - 0x00007ff9af3c4000 	D:\Android\jre\bin\nio.dll
0x00007ff9a1ba0000 - 0x00007ff9a1bc7000 	C:\Users\ibu23\.gradle\native\e1d6ef7f7dcc3fd88c89a11ec53ec762bb8ba0a96d01ffa2cd45eb1d1d8dd5c5\windows-amd64\native-platform.dll
0x00007ff989700000 - 0x00007ff989844000 	C:\Users\ibu23\.gradle\native\0d407fdbe67a94daf76414ababcb853783967236a71b16ec16e742cd7a986fd3\windows-amd64\native-platform-file-events.dll
0x00007ff9cb4b0000 - 0x00007ff9cb4ba000 	D:\Android\jre\bin\management.dll
0x00007ff9cb470000 - 0x00007ff9cb47d000 	D:\Android\jre\bin\management_ext.dll
0x00007ff9d0b90000 - 0x00007ff9d0bab000 	C:\WINDOWS\SYSTEM32\CRYPTSP.dll
0x00007ff9d0400000 - 0x00007ff9d0435000 	C:\WINDOWS\system32\rsaenh.dll
0x00007ff9d0a30000 - 0x00007ff9d0a58000 	C:\WINDOWS\SYSTEM32\USERENV.dll
0x00007ff9d0d50000 - 0x00007ff9d0d78000 	C:\WINDOWS\SYSTEM32\bcrypt.dll
0x00007ff9d0bb0000 - 0x00007ff9d0bbc000 	C:\WINDOWS\SYSTEM32\CRYPTBASE.dll
0x00007ff9cff90000 - 0x00007ff9cffbd000 	C:\WINDOWS\SYSTEM32\IPHLPAPI.DLL
0x00007ff9d35c0000 - 0x00007ff9d35c9000 	C:\WINDOWS\System32\NSI.dll
0x00007ff9cb3d0000 - 0x00007ff9cb3e9000 	C:\WINDOWS\SYSTEM32\dhcpcsvc6.DLL
0x00007ff9cb3b0000 - 0x00007ff9cb3cf000 	C:\WINDOWS\SYSTEM32\dhcpcsvc.DLL
0x00007ff9cffc0000 - 0x00007ff9d00b3000 	C:\WINDOWS\SYSTEM32\DNSAPI.dll

dbghelp: loaded successfully - version: 4.0.5 - missing functions: none
symbol engine: initialized successfully - sym options: 0x614 - pdb path: .;D:\Android\jre\bin;C:\WINDOWS\SYSTEM32;C:\WINDOWS\WinSxS\amd64_microsoft.windows.common-controls_6595b64144ccf1df_6.0.22621.1635_none_270f70857386168e;D:\Android\jre\bin\server;C:\Users\ibu23\.gradle\native\e1d6ef7f7dcc3fd88c89a11ec53ec762bb8ba0a96d01ffa2cd45eb1d1d8dd5c5\windows-amd64;C:\Users\ibu23\.gradle\native\0d407fdbe67a94daf76414ababcb853783967236a71b16ec16e742cd7a986fd3\windows-amd64

VM Arguments:
jvm_args: --add-opens=java.base/java.util=ALL-UNNAMED --add-opens=java.base/java.lang=ALL-UNNAMED --add-opens=java.base/java.lang.invoke=ALL-UNNAMED --add-opens=java.base/java.util=ALL-UNNAMED --add-opens=java.prefs/java.util.prefs=ALL-UNNAMED --add-opens=java.prefs/java.util.prefs=ALL-UNNAMED --add-opens=java.base/java.nio.charset=ALL-UNNAMED --add-opens=java.base/java.net=ALL-UNNAMED --add-opens=java.base/java.util.concurrent.atomic=ALL-UNNAMED -Xmx2048m -Dfile.encoding=UTF-8 -Duser.country=DE -Duser.language=de -Duser.variant 
java_command: org.gradle.launcher.daemon.bootstrap.GradleDaemon 7.4
java_class_path (initial): C:\Users\ibu23\.gradle\wrapper\dists\gradle-7.4-bin\c0gwcg53nkjbqw7r0h0umtfvt\gradle-7.4\lib\gradle-launcher-7.4.jar
Launcher Type: SUN_STANDARD

[Global flags]
     intx CICompilerCount                          = 4                                         {product} {ergonomic}
     uint ConcGCThreads                            = 2                                         {product} {ergonomic}
     uint G1ConcRefinementThreads                  = 8                                         {product} {ergonomic}
   size_t G1HeapRegionSize                         = 1048576                                   {product} {ergonomic}
    uintx GCDrainStackTargetSize                   = 64                                        {product} {ergonomic}
   size_t InitialHeapSize                          = 117440512                                 {product} {ergonomic}
   size_t MarkStackSize                            = 4194304                                   {product} {ergonomic}
   size_t MaxHeapSize                              = 2147483648                                {product} {command line}
   size_t MaxNewSize                               = 1287651328                                {product} {ergonomic}
   size_t MinHeapDeltaBytes                        = 1048576                                   {product} {ergonomic}
    uintx NonNMethodCodeHeapSize                   = 5836300                                {pd product} {ergonomic}
    uintx NonProfiledCodeHeapSize                  = 122910970                              {pd product} {ergonomic}
    uintx ProfiledCodeHeapSize                     = 122910970                              {pd product} {ergonomic}
    uintx ReservedCodeCacheSize                    = 251658240                              {pd product} {ergonomic}
     bool SegmentedCodeCache                       = true                                      {product} {ergonomic}
     bool UseCompressedClassPointers               = true                                 {lp64_product} {ergonomic}
     bool UseCompressedOops                        = true                                 {lp64_product} {ergonomic}
     bool UseG1GC                                  = true                                      {product} {ergonomic}
     bool UseLargePagesIndividualAllocation        = false                                  {pd product} {ergonomic}

Logging:
Log output configuration:
 #0: stdout all=warning uptime,level,tags
 #1: stderr all=off uptime,level,tags

Environment Variables:
PATH=C:\Program Files (x86)\Common Files\Oracle\Java\javapath;C:\WINDOWS\system32;C:\WINDOWS;C:\WINDOWS\System32\Wbem;C:\WINDOWS\System32\WindowsPowerShell\v1.0\;C:\WINDOWS\System32\OpenSSH\;C:\MinGW\bin;C:\Gradle\gradle-7.6\bin;C:\ProgramData\chocolatey\bin;C:\Program Files\nodejs\;C:\Users\ibu23\AppData\Local\Microsoft\WindowsApps;C:\Users\ibu23\flutter\bin;C:\Tools\dartsdk-windows-x64-release\dart-sdk\bin;C:\Users\ibu23\AppData\Roaming\npm;D:\ibu23\Microsoft VS Code\bin
USERNAME=ibu23
OS=Windows_NT
PROCESSOR_IDENTIFIER=AMD64 Family 23 Model 24 Stepping 1, AuthenticAMD



---------------  S Y S T E M  ---------------

OS: Windows 11 , 64 bit Build 22621 (10.0.22621.1635)
OS uptime: 1 days 1:07 hours
Hyper-V role detected

CPU:total 8 (initial active 8) (8 cores per cpu, 2 threads per core) family 23 model 24 stepping 1 microcode 0x0, cmov, cx8, fxsr, mmx, sse, sse2, sse3, ssse3, sse4.1, sse4.2, popcnt, avx, avx2, aes, clmul, mmxext, 3dnowpref, lzcnt, sse4a, ht, tsc, tscinvbit, tscinv, bmi1, bmi2, adx, sha, fma

Memory: 4k page, system-wide physical 7103M (310M free)
TotalPageFile size 14661M (AvailPageFile size 0M)
current process WorkingSet (physical memory assigned to process): 391M, peak: 405M
current process commit charge ("private bytes"): 440M, peak: 446M

vm_info: OpenJDK 64-Bit Server VM (11.0.13+0-b1751.21-8125866) for windows-amd64 JRE (11.0.13+0-b1751.21-8125866), built on Feb  2 2022 03:00:22 by "builder" with MS VC++ 14.0 (VS2015)

END.
